2019-09-18 17:21:29,609  INFO [main] LogReports:24 - Chrome browser invoked...
2019-09-18 17:21:32,455  INFO [main] LogReports:24 - Application opened...
2019-09-18 17:24:32,313  INFO [main] LogReports:24 - Chrome browser invoked...
2019-09-18 17:24:35,250  INFO [main] LogReports:24 - Application opened...
2019-09-18 17:26:39,569  INFO [main] LogReports:24 - Chrome browser invoked...
2019-09-18 17:26:42,348  INFO [main] LogReports:24 - Application opened...
2019-09-18 17:33:12,953  INFO [main] LogReports:24 - Chrome browser invoked...
2019-09-18 17:33:24,057  INFO [main] LogReports:24 - Application opened...
2019-09-18 17:34:17,565  INFO [main] LogReports:24 - Chrome browser invoked...
2019-09-18 17:34:19,866  INFO [main] LogReports:24 - Application opened...
2019-09-18 17:38:21,588  INFO [main] LogReports:24 - Chrome browser invoked...
2019-09-18 17:38:24,354  INFO [main] LogReports:24 - Application opened...
2019-09-18 17:40:26,288  INFO [main] LogReports:24 - Chrome browser invoked...
2019-09-18 17:40:28,990  INFO [main] LogReports:24 - Application opened...
2019-09-18 17:41:43,783  INFO [main] LogReports:24 - Chrome browser invoked...
2019-09-18 17:41:46,350  INFO [main] LogReports:24 - Application opened...
2019-09-18 17:45:53,287  INFO [main] LogReports:24 - Chrome browser invoked...
2019-09-18 17:45:55,721  INFO [main] LogReports:24 - Application opened...
2019-09-18 17:46:41,101  INFO [main] LogReports:24 - Chrome browser invoked...
2019-09-18 17:46:43,411  INFO [main] LogReports:24 - Application opened...
2019-09-18 17:54:33,311  INFO [main] LogReports:24 - Chrome browser invoked...
2019-09-18 17:54:35,802  INFO [main] LogReports:24 - Application opened...
2019-09-18 17:56:40,852  INFO [main] LogReports:24 - Chrome browser invoked...
2019-09-18 17:56:43,196  INFO [main] LogReports:24 - Application opened...
2019-09-18 17:57:38,343  INFO [main] LogReports:24 - Chrome browser invoked...
2019-09-18 17:57:40,869  INFO [main] LogReports:24 - Application opened...
2019-09-18 18:30:50,353  INFO [main] LogReports:24 - Chrome browser invoked...
2019-09-18 18:30:53,112  INFO [main] LogReports:24 - Application opened...
2019-09-18 18:31:50,625  INFO [main] LogReports:24 - Chrome browser invoked...
2019-09-18 18:31:52,864  INFO [main] LogReports:24 - Application opened...
2019-09-18 18:34:56,286  INFO [main] LogReports:24 - Chrome browser invoked...
2019-09-18 18:34:58,909  INFO [main] LogReports:24 - Application opened...
2019-09-18 18:45:16,538  INFO [main] LogReports:24 - Chrome browser invoked...
2019-09-18 18:45:19,335  INFO [main] LogReports:24 - Application opened...
2019-09-18 18:47:06,077  INFO [main] LogReports:24 - Chrome browser invoked...
2019-09-18 18:47:08,393  INFO [main] LogReports:24 - Application opened...
2019-09-18 18:49:12,947  INFO [main] LogReports:24 - Chrome browser invoked...
2019-09-18 18:49:15,582  INFO [main] LogReports:24 - Application opened...
2019-09-18 18:50:41,183  INFO [main] LogReports:24 - Chrome browser invoked...
2019-09-18 18:50:47,910  INFO [main] LogReports:24 - Application opened...
2019-09-18 18:52:01,524  INFO [main] LogReports:24 - Chrome browser invoked...
2019-09-18 18:52:04,191  INFO [main] LogReports:24 - Application opened...
2019-09-18 18:55:31,404  INFO [main] LogReports:24 - Chrome browser invoked...
2019-09-18 18:55:33,797  INFO [main] LogReports:24 - Application opened...
2019-09-18 18:57:23,998  INFO [main] LogReports:24 - Chrome browser invoked...
2019-09-18 18:57:26,539  INFO [main] LogReports:24 - Application opened...
2019-09-18 18:59:21,226  INFO [main] LogReports:24 - Chrome browser invoked...
2019-09-18 18:59:24,079  INFO [main] LogReports:24 - Application opened...
2019-09-19 12:15:00,281  INFO [main] LogReports:24 - Chrome browser invoked...
2019-09-19 12:15:03,482  INFO [main] LogReports:24 - Application opened...
2019-09-19 12:16:20,143  INFO [main] LogReports:24 - Chrome browser invoked...
2019-09-19 12:16:22,431  INFO [main] LogReports:24 - Application opened...
2019-09-19 12:18:47,126  INFO [main] LogReports:24 - Chrome browser invoked...
2019-09-19 12:18:49,505  INFO [main] LogReports:24 - Application opened...
2019-09-19 12:20:21,356  INFO [main] LogReports:24 - Chrome browser invoked...
2019-09-19 12:20:24,006  INFO [main] LogReports:24 - Application opened...
2019-09-19 12:21:43,980  INFO [main] LogReports:24 - Chrome browser invoked...
2019-09-19 12:21:46,363  INFO [main] LogReports:24 - Application opened...
2019-09-19 12:22:37,241  INFO [main] LogReports:24 - Chrome browser invoked...
2019-09-19 12:22:39,824  INFO [main] LogReports:24 - Application opened...
2019-09-19 12:23:44,025  INFO [main] LogReports:24 - Chrome browser invoked...
2019-09-19 12:23:46,830  INFO [main] LogReports:24 - Application opened...
2019-09-19 12:30:20,607  INFO [main] LogReports:24 - Chrome browser invoked...
2019-09-19 12:30:23,049  INFO [main] LogReports:24 - Application opened...
2019-09-19 12:34:48,654  INFO [main] LogReports:24 - Chrome browser invoked...
2019-09-19 12:34:51,491  INFO [main] LogReports:24 - Application opened...
2019-09-19 12:35:58,489  INFO [main] LogReports:24 - Chrome browser invoked...
2019-09-19 12:36:01,980  INFO [main] LogReports:24 - Application opened...
2019-09-19 12:41:05,397  INFO [main] LogReports:24 - Chrome browser invoked...
2019-09-19 12:41:07,910  INFO [main] LogReports:24 - Application opened...
2019-09-19 12:44:19,935  INFO [main] LogReports:24 - Chrome browser invoked...
2019-09-19 12:44:22,657  INFO [main] LogReports:24 - Application opened...
2019-09-19 12:48:04,188  INFO [main] LogReports:24 - Chrome browser invoked...
2019-09-19 12:48:06,795  INFO [main] LogReports:24 - Application opened...
2019-09-19 14:10:40,350  INFO [main] LogReports:24 - Chrome browser invoked...
2019-09-19 14:10:43,064  INFO [main] LogReports:24 - Application opened...
2019-09-19 14:10:49,611  INFO [main] LogReports:24 - Clicked on Doctors
2019-09-19 14:10:49,893  INFO [main] LogReports:24 - Clicked on Detect
2019-09-19 14:12:25,656  INFO [main] LogReports:24 - Chrome browser invoked...
2019-09-19 14:12:28,095  INFO [main] LogReports:24 - Application opened...
2019-09-19 14:13:42,100  INFO [main] LogReports:24 - Chrome browser invoked...
2019-09-19 14:13:44,589  INFO [main] LogReports:24 - Application opened...
2019-09-19 14:13:50,668  INFO [main] LogReports:24 - Clicked on Doctors
2019-09-19 14:13:50,827  INFO [main] LogReports:24 - Clicked on Detect
2019-09-19 14:19:28,941  INFO [main] LogReports:24 - Chrome browser invoked...
2019-09-19 14:19:31,759  INFO [main] LogReports:24 - Application opened...
2019-09-19 14:19:37,994  INFO [main] LogReports:24 - Clicked on Doctors
2019-09-19 14:19:38,259  INFO [main] LogReports:24 - Clicked on Detect
2019-09-19 14:23:17,858  INFO [main] LogReports:24 - Chrome browser invoked...
2019-09-19 14:23:20,930  INFO [main] LogReports:24 - Application opened...
2019-09-19 14:23:27,561  INFO [main] LogReports:24 - Clicked on Doctors
2019-09-19 14:23:27,793  INFO [main] LogReports:24 - Clicked on Detect
2019-09-19 14:32:42,251  INFO [main] LogReports:24 - Chrome browser invoked...
2019-09-19 14:32:45,239  INFO [main] LogReports:24 - Application opened...
2019-09-19 14:32:51,424  INFO [main] LogReports:24 - Clicked on Doctors
2019-09-19 14:32:51,600  INFO [main] LogReports:24 - Clicked on Detect
2019-09-19 14:33:02,017  INFO [main] LogReports:24 - Selected Dentist
2019-09-19 14:33:02,128  INFO [main] LogReports:24 - Clicked on Availability
2019-09-19 14:33:02,317  INFO [main] LogReports:24 - Selected Available coming weekend
2019-09-19 14:33:07,980  INFO [main] LogReports:24 - Clicked on Relevance
2019-09-19 14:33:13,103  INFO [main] LogReports:24 - Selected Low to high
2019-09-19 14:35:29,444  INFO [main] LogReports:24 - Chrome browser invoked...
2019-09-19 14:35:31,895  INFO [main] LogReports:24 - Application opened...
2019-09-19 14:35:38,011  INFO [main] LogReports:24 - Clicked on Doctors
2019-09-19 14:35:38,173  INFO [main] LogReports:24 - Clicked on Detect
2019-09-19 14:36:13,641  INFO [main] LogReports:24 - Chrome browser invoked...
2019-09-19 14:36:16,176  INFO [main] LogReports:24 - Application opened...
2019-09-19 14:36:22,496  INFO [main] LogReports:24 - Clicked on Doctors
2019-09-19 14:36:22,689  INFO [main] LogReports:24 - Clicked on Detect
2019-09-19 14:39:05,012  INFO [main] LogReports:24 - Chrome browser invoked...
2019-09-19 14:39:08,299  INFO [main] LogReports:24 - Application opened...
2019-09-19 14:39:14,298  INFO [main] LogReports:24 - Clicked on Doctors
2019-09-19 14:39:14,557  INFO [main] LogReports:24 - Clicked on Detect
2019-09-19 14:40:56,915  INFO [main] LogReports:24 - Chrome browser invoked...
2019-09-19 14:40:59,748  INFO [main] LogReports:24 - Application opened...
2019-09-19 14:41:06,086  INFO [main] LogReports:24 - Clicked on Doctors
2019-09-19 14:41:06,376  INFO [main] LogReports:24 - Clicked on Detect
2019-09-19 14:41:19,956  INFO [main] LogReports:24 - Selected Dentist
2019-09-19 14:41:20,199  INFO [main] LogReports:24 - Clicked on Availability
2019-09-19 14:41:20,372  INFO [main] LogReports:24 - Selected Available coming weekend
2019-09-19 14:41:24,124  INFO [main] LogReports:24 - Clicked on Relevance
2019-09-19 14:41:32,135  INFO [main] LogReports:24 - Selected Low to high
2019-09-19 14:46:39,318  INFO [main] LogReports:24 - Chrome browser invoked...
2019-09-19 14:46:41,688  INFO [main] LogReports:24 - Application opened...
2019-09-19 14:46:48,878  INFO [main] LogReports:24 - Clicked on Doctors
2019-09-19 14:46:48,984  INFO [main] LogReports:24 - Clicked on Detect
2019-09-19 14:46:58,440  INFO [main] LogReports:24 - Selected Dentist
2019-09-19 14:46:58,523  INFO [main] LogReports:24 - Clicked on Availability
2019-09-19 14:46:58,694  INFO [main] LogReports:24 - Selected Available coming weekend
2019-09-19 14:47:01,503  INFO [main] LogReports:24 - Clicked on Relevance
2019-09-19 14:47:08,156  INFO [main] LogReports:24 - Selected Low to high
2019-09-19 14:47:09,998  INFO [main] LogReports:24 - Booked Appointment
2019-09-19 14:49:23,248  INFO [main] LogReports:24 - Chrome browser invoked...
2019-09-19 14:49:25,930  INFO [main] LogReports:24 - Application opened...
2019-09-19 14:49:32,172  INFO [main] LogReports:24 - Clicked on Doctors
2019-09-19 14:49:32,354  INFO [main] LogReports:24 - Clicked on Detect
2019-09-19 14:49:44,328  INFO [main] LogReports:24 - Selected Dentist
2019-09-19 14:49:44,536  INFO [main] LogReports:24 - Clicked on Availability
2019-09-19 14:49:44,661  INFO [main] LogReports:24 - Selected Available coming weekend
2019-09-19 14:49:47,623  INFO [main] LogReports:24 - Clicked on Relevance
2019-09-19 14:49:54,393  INFO [main] LogReports:24 - Selected Low to high
2019-09-19 14:49:54,529  INFO [main] LogReports:24 - Booked Appointment
2019-09-19 14:52:43,878  INFO [main] LogReports:24 - Chrome browser invoked...
2019-09-19 14:52:46,212  INFO [main] LogReports:24 - Application opened...
2019-09-19 14:52:52,484  INFO [main] LogReports:24 - Clicked on Doctors
2019-09-19 14:52:52,653  INFO [main] LogReports:24 - Clicked on Detect
2019-09-19 14:53:01,055  INFO [main] LogReports:24 - Selected Dentist
2019-09-19 14:53:01,167  INFO [main] LogReports:24 - Clicked on Availability
2019-09-19 14:53:01,373  INFO [main] LogReports:24 - Selected Available coming weekend
2019-09-19 14:53:04,396  INFO [main] LogReports:24 - Clicked on Relevance
2019-09-19 14:53:11,633  INFO [main] LogReports:24 - Selected Low to high
2019-09-19 14:53:11,829  INFO [main] LogReports:24 - Booked Appointment
2019-09-19 14:57:55,489  INFO [main] LogReports:24 - Chrome browser invoked...
2019-09-19 14:57:57,915  INFO [main] LogReports:24 - Application opened...
2019-09-19 14:58:04,309  INFO [main] LogReports:24 - Clicked on Doctors
2019-09-19 14:58:04,503  INFO [main] LogReports:24 - Clicked on Detect
2019-09-19 14:58:16,083  INFO [main] LogReports:24 - Selected Dentist
2019-09-19 14:58:16,331  INFO [main] LogReports:24 - Clicked on Availability
2019-09-19 14:58:16,506  INFO [main] LogReports:24 - Selected Available coming weekend
2019-09-19 14:58:19,944  INFO [main] LogReports:24 - Clicked on Relevance
2019-09-19 14:58:28,077  INFO [main] LogReports:24 - Selected Low to high
2019-09-19 14:58:31,663  INFO [main] LogReports:24 - Clicked on book appointmentt
2019-09-19 15:04:45,497  INFO [main] LogReports:24 - Chrome browser invoked...
2019-09-19 15:04:48,550  INFO [main] LogReports:24 - Application opened...
2019-09-19 15:04:54,608  INFO [main] LogReports:24 - Clicked on Doctors
2019-09-19 15:04:54,887  INFO [main] LogReports:24 - Clicked on Detect
2019-09-19 15:05:03,656  INFO [main] LogReports:24 - Selected Dentist
2019-09-19 15:05:03,755  INFO [main] LogReports:24 - Clicked on Availability
2019-09-19 15:05:03,878  INFO [main] LogReports:24 - Selected Available coming weekend
2019-09-19 15:05:06,496  INFO [main] LogReports:24 - Clicked on Relevance
2019-09-19 15:05:13,971  INFO [main] LogReports:24 - Selected Low to high
2019-09-19 15:05:16,021  INFO [main] LogReports:24 - Clicked on book appointmentt
2019-09-19 15:09:29,142  INFO [main] LogReports:24 - Chrome browser invoked...
2019-09-19 15:09:32,066  INFO [main] LogReports:24 - Application opened...
2019-09-19 15:09:38,255  INFO [main] LogReports:24 - Clicked on Doctors
2019-09-19 15:09:38,475  INFO [main] LogReports:24 - Clicked on Detect
2019-09-19 15:09:46,369  INFO [main] LogReports:24 - Selected Dentist
2019-09-19 15:09:46,496  INFO [main] LogReports:24 - Clicked on Availability
2019-09-19 15:09:46,655  INFO [main] LogReports:24 - Selected Available coming weekend
2019-09-19 15:09:49,650  INFO [main] LogReports:24 - Clicked on Relevance
2019-09-19 15:09:56,578  INFO [main] LogReports:24 - Selected Low to high
2019-09-19 15:09:58,598  INFO [main] LogReports:24 - Clicked on book appointment
2019-09-19 15:09:58,985  INFO [main] LogReports:24 - Clicked on Call now button and displays the number to make call
2019-09-19 15:32:20,141  INFO [main] LogReports:24 - Chrome browser invoked...
2019-09-19 15:32:22,944  INFO [main] LogReports:24 - Application opened...
2019-09-19 15:32:51,839  INFO [main] LogReports:24 - Chrome browser invoked...
2019-09-19 15:32:54,557  INFO [main] LogReports:24 - Application opened...
2019-09-19 15:33:24,425  INFO [main] LogReports:24 - Chrome browser invoked...
2019-09-19 15:33:27,044  INFO [main] LogReports:24 - Application opened...
2019-09-19 15:34:10,713  INFO [main] LogReports:24 - Chrome browser invoked...
2019-09-19 15:34:13,474  INFO [main] LogReports:24 - Application opened...
2019-09-19 15:35:57,567  INFO [main] LogReports:24 - Chrome browser invoked...
2019-09-19 15:35:59,866  INFO [main] LogReports:24 - Application opened...
2019-09-19 15:36:06,315  INFO [main] LogReports:24 - Clicked on Doctors
2019-09-19 15:36:06,492  INFO [main] LogReports:24 - Clicked on Detect
2019-09-19 15:36:16,305  INFO [main] LogReports:24 - Selected Dentist
2019-09-19 15:36:16,424  INFO [main] LogReports:24 - Clicked on Availability
2019-09-19 15:36:16,582  INFO [main] LogReports:24 - Selected Available coming weekend
2019-09-19 15:36:19,364  INFO [main] LogReports:24 - Clicked on Relevance
2019-09-19 15:36:25,787  INFO [main] LogReports:24 - Selected Low to high
2019-09-19 15:36:25,968  INFO [main] LogReports:24 - Clicked on book appointment
2019-09-19 15:39:11,234  INFO [main] LogReports:24 - Chrome browser invoked...
2019-09-19 15:39:13,999  INFO [main] LogReports:24 - Application opened...
2019-09-19 15:39:22,252  INFO [main] LogReports:24 - Clicked on Doctors
2019-09-19 15:39:22,358  INFO [main] LogReports:24 - Clicked on Detect
2019-09-19 15:39:30,829  INFO [main] LogReports:24 - Selected Dentist
2019-09-19 15:39:30,953  INFO [main] LogReports:24 - Clicked on Availability
2019-09-19 15:39:31,124  INFO [main] LogReports:24 - Selected Available coming weekend
2019-09-19 15:39:34,626  INFO [main] LogReports:24 - Clicked on Relevance
2019-09-19 15:39:42,365  INFO [main] LogReports:24 - Selected Low to high
2019-09-19 15:39:45,595  INFO [main] LogReports:24 - Clicked on book appointment
2019-09-19 15:39:46,018  INFO [main] LogReports:24 - Clicked on Call now button and displays the number to make call
2019-09-19 16:18:26,901  INFO [main] LogReports:24 - Chrome browser invoked...
2019-09-19 16:18:29,447  INFO [main] LogReports:24 - Application opened...
2019-09-19 16:18:35,809  INFO [main] LogReports:24 - Clicked on Doctors
2019-09-19 16:18:36,000  INFO [main] LogReports:24 - Clicked on Detect
2019-09-19 16:18:47,006  INFO [main] LogReports:24 - Selected Dentist
2019-09-19 16:18:47,111  INFO [main] LogReports:24 - Clicked on Availability
2019-09-19 16:18:47,332  INFO [main] LogReports:24 - Selected Available coming weekend
2019-09-19 16:18:50,783  INFO [main] LogReports:24 - Clicked on Relevance
2019-09-19 16:18:58,296  INFO [main] LogReports:24 - Selected Low to high
2019-09-19 16:19:01,000  INFO [main] LogReports:24 - Clicked on book appointment
2019-09-19 16:19:01,400  INFO [main] LogReports:24 - Clicked on Call now button and displays the number to make call
2019-09-19 16:21:29,469  INFO [main] LogReports:24 - Chrome browser invoked...
2019-09-19 16:21:32,146  INFO [main] LogReports:24 - Application opened...
2019-09-19 16:21:38,605  INFO [main] LogReports:24 - Clicked on Doctors
2019-09-19 16:21:48,947  INFO [main] LogReports:24 - Clicked on Detect
2019-09-19 16:21:58,167  INFO [main] LogReports:24 - Selected Dentist
2019-09-19 16:21:58,260  INFO [main] LogReports:24 - Clicked on Availability
2019-09-19 16:21:58,392  INFO [main] LogReports:24 - Selected Available coming weekend
2019-09-19 16:22:01,524  INFO [main] LogReports:24 - Clicked on Relevance
2019-09-19 16:22:08,550  INFO [main] LogReports:24 - Selected Low to high
2019-09-19 16:22:10,424  INFO [main] LogReports:24 - Clicked on book appointment
2019-09-19 16:22:10,863  INFO [main] LogReports:24 - Clicked on Call now button and displays the number to make call
2019-09-19 16:24:13,036  INFO [main] LogReports:24 - Chrome browser invoked...
2019-09-19 16:24:15,880  INFO [main] LogReports:24 - Application opened...
2019-09-19 16:24:21,817  INFO [main] LogReports:24 - Clicked on Doctors
2019-09-19 16:24:32,137  INFO [main] LogReports:24 - Clicked on Detect
2019-09-19 16:24:40,860  INFO [main] LogReports:24 - Selected Dentist
2019-09-19 16:24:41,033  INFO [main] LogReports:24 - Clicked on Availability
2019-09-19 16:24:41,219  INFO [main] LogReports:24 - Selected Available coming weekend
2019-09-19 16:24:44,046  INFO [main] LogReports:24 - Clicked on Relevance
2019-09-19 16:24:50,482  INFO [main] LogReports:24 - Selected Low to high
2019-09-19 16:24:52,384  INFO [main] LogReports:24 - Clicked on book appointment
2019-09-19 16:24:52,735  INFO [main] LogReports:24 - Clicked on Call now button and displays the number to make call
2019-09-19 16:26:01,398  INFO [main] LogReports:24 - Chrome browser invoked...
2019-09-19 16:26:04,040  INFO [main] LogReports:24 - Application opened...
2019-09-19 16:39:41,595  INFO [main] LogReports:24 - Chrome browser invoked...
2019-09-19 16:39:44,001  INFO [main] LogReports:24 - Application opened...
2019-09-19 16:39:50,387  INFO [main] LogReports:24 - Clicked on Doctors
2019-09-19 16:40:00,770  INFO [main] LogReports:24 - Clicked on Detect
2019-09-19 16:40:09,330  INFO [main] LogReports:24 - Selected Dentist
2019-09-19 16:40:09,501  INFO [main] LogReports:24 - Clicked on Availability
2019-09-19 16:40:09,613  INFO [main] LogReports:24 - Selected Available coming weekend
2019-09-19 16:40:14,908  INFO [main] LogReports:24 - Clicked on Relevance
2019-09-19 16:40:19,696  INFO [main] LogReports:24 - Selected Low to high
2019-09-19 16:40:19,841  INFO [main] LogReports:24 - Clicked on book appointment
2019-09-19 16:41:22,803  INFO [main] LogReports:24 - Chrome browser invoked...
2019-09-19 16:41:25,918  INFO [main] LogReports:24 - Application opened...
2019-09-19 16:41:32,077  INFO [main] LogReports:24 - Clicked on Doctors
2019-09-19 16:41:42,364  INFO [main] LogReports:24 - Clicked on Detect
2019-09-19 16:41:50,811  INFO [main] LogReports:24 - Selected Dentist
2019-09-19 16:41:50,894  INFO [main] LogReports:24 - Clicked on Availability
2019-09-19 16:41:51,052  INFO [main] LogReports:24 - Selected Available coming weekend
2019-09-19 16:41:53,913  INFO [main] LogReports:24 - Clicked on Relevance
2019-09-19 16:42:00,485  INFO [main] LogReports:24 - Selected Low to high
2019-09-19 16:42:03,228  INFO [main] LogReports:24 - Clicked on book appointment
2019-09-19 16:42:03,690  INFO [main] LogReports:24 - Clicked on Call now button and displays the number to make call
2019-09-19 16:44:32,758  INFO [main] LogReports:24 - Chrome browser invoked...
2019-09-19 16:44:35,068  INFO [main] LogReports:24 - Application opened...
2019-09-19 16:44:41,328  INFO [main] LogReports:24 - Clicked on Doctors
2019-09-19 16:44:51,766  INFO [main] LogReports:24 - Clicked on Detect
2019-09-19 16:44:59,709  INFO [main] LogReports:24 - Selected Dentist
2019-09-19 16:44:59,988  INFO [main] LogReports:24 - Clicked on Availability
2019-09-19 16:45:00,199  INFO [main] LogReports:24 - Selected Available coming weekend
2019-09-19 16:45:03,320  INFO [main] LogReports:24 - Clicked on Relevance
2019-09-19 16:45:10,533  INFO [main] LogReports:24 - Selected Low to high
2019-09-19 16:45:10,701  INFO [main] LogReports:24 - Clicked on book appointment
2019-09-19 16:46:05,188  INFO [main] LogReports:24 - Chrome browser invoked...
2019-09-19 16:46:08,015  INFO [main] LogReports:24 - Application opened...
2019-09-19 16:46:14,223  INFO [main] LogReports:24 - Clicked on Doctors
2019-09-19 16:46:24,526  INFO [main] LogReports:24 - Clicked on Detect
2019-09-19 16:46:32,812  INFO [main] LogReports:24 - Selected Dentist
2019-09-19 16:46:33,038  INFO [main] LogReports:24 - Clicked on Availability
2019-09-19 16:46:33,158  INFO [main] LogReports:24 - Selected Available coming weekend
2019-09-19 16:46:36,176  INFO [main] LogReports:24 - Clicked on Relevance
2019-09-19 16:46:42,999  INFO [main] LogReports:24 - Selected Low to high
2019-09-19 16:46:43,203  INFO [main] LogReports:24 - Clicked on book appointment
2019-09-19 16:50:55,729  INFO [main] LogReports:24 - Chrome browser invoked...
2019-09-19 16:50:58,078  INFO [main] LogReports:24 - Application opened...
2019-09-19 16:51:03,853  INFO [main] LogReports:24 - Clicked on Doctors
2019-09-19 16:51:14,106  INFO [main] LogReports:24 - Clicked on Detect
2019-09-19 16:51:23,874  INFO [main] LogReports:24 - Selected Dentist
2019-09-19 16:51:23,967  INFO [main] LogReports:24 - Clicked on Availability
2019-09-19 16:51:24,122  INFO [main] LogReports:24 - Selected Available coming weekend
2019-09-19 16:51:28,851  INFO [main] LogReports:24 - Clicked on Relevance
2019-09-19 16:51:35,802  INFO [main] LogReports:24 - Selected Low to high
2019-09-19 16:51:35,961  INFO [main] LogReports:24 - Clicked on book appointment
2019-09-19 17:42:48,937  INFO [main] LogReports:24 - Chrome browser invoked...
2019-09-19 17:42:51,933  INFO [main] LogReports:24 - Application opened...
2019-09-19 17:42:58,455  INFO [main] LogReports:24 - Clicked on Doctors
2019-09-19 17:43:08,664  INFO [main] LogReports:24 - Clicked on Detect
2019-09-19 17:43:18,712  INFO [main] LogReports:24 - Selected Dentist
2019-09-19 17:43:18,824  INFO [main] LogReports:24 - Clicked on Availability
2019-09-19 17:43:18,959  INFO [main] LogReports:24 - Selected Available coming weekend
2019-09-19 17:43:22,239  INFO [main] LogReports:24 - Clicked on Relevance
2019-09-19 17:43:28,763  INFO [main] LogReports:24 - Selected Low to high
2019-09-19 17:43:30,548  INFO [main] LogReports:24 - Clicked on book appointment
2019-09-19 17:43:30,842  INFO [main] LogReports:24 - Clicked on Call now button and displays the number to make call
2019-09-19 18:29:12,484  INFO [main] LogReports:24 - Chrome browser invoked...
2019-09-19 18:29:15,449  INFO [main] LogReports:24 - Application opened...
2019-09-19 18:29:22,167  INFO [main] LogReports:24 - Clicked on Doctors
2019-09-19 18:29:32,426  INFO [main] LogReports:24 - Clicked on Detect
2019-09-19 18:29:45,711  INFO [main] LogReports:24 - Selected Dentist
2019-09-19 18:29:45,804  INFO [main] LogReports:24 - Clicked on Availability
2019-09-19 18:29:45,954  INFO [main] LogReports:24 - Selected Available coming weekend
2019-09-19 18:29:49,166  INFO [main] LogReports:24 - Clicked on Relevance
2019-09-19 18:29:55,930  INFO [main] LogReports:24 - Selected Low to high
2019-09-19 18:29:56,083  INFO [main] LogReports:24 - Clicked on book appointment
2019-09-19 18:39:35,899  INFO [main] LogReports:24 - Chrome browser invoked...
2019-09-19 18:39:38,877  INFO [main] LogReports:24 - Application opened...
2019-09-19 18:39:45,619  INFO [main] LogReports:24 - Clicked on Doctors
2019-09-19 18:39:45,842  INFO [main] LogReports:24 - Clicked on Detect
2019-09-19 18:39:57,263  INFO [main] LogReports:24 - Selected Dentist
2019-09-19 18:39:57,392  INFO [main] LogReports:24 - Clicked on Availability
2019-09-19 18:39:57,599  INFO [main] LogReports:24 - Selected Available coming weekend
2019-09-19 18:40:01,628  INFO [main] LogReports:24 - Clicked on Relevance
2019-09-19 18:40:11,047  INFO [main] LogReports:24 - Selected Low to high
2019-09-19 18:40:11,275  INFO [main] LogReports:24 - Clicked on book appointment
2019-09-19 18:50:26,614  INFO [main] LogReports:24 - Chrome browser invoked...
2019-09-19 18:50:29,585  INFO [main] LogReports:24 - Application opened...
2019-09-19 18:52:43,292  INFO [main] LogReports:24 - Chrome browser invoked...
2019-09-19 18:52:46,537  INFO [main] LogReports:24 - Application opened...
2019-09-19 19:18:00,836  INFO [main] LogReports:24 - Chrome browser invoked...
2019-09-19 19:18:03,302  INFO [main] LogReports:24 - Application opened...
2019-09-19 19:18:09,482  INFO [main] LogReports:24 - Clicked on Doctors
2019-09-19 19:18:09,689  INFO [main] LogReports:24 - Clicked on Detect
2019-09-19 19:18:20,076  INFO [main] LogReports:24 - Selected Dentist
2019-09-19 19:18:20,282  INFO [main] LogReports:24 - Clicked on Availability
2019-09-19 19:18:20,428  INFO [main] LogReports:24 - Selected Available coming weekend
2019-09-19 19:18:23,818  INFO [main] LogReports:24 - Clicked on Relevance
2019-09-19 19:18:31,888  INFO [main] LogReports:24 - Selected Low to high
2019-09-19 19:18:32,020  INFO [main] LogReports:24 - Clicked on book appointment
2019-09-19 19:18:57,085  INFO [main] LogReports:24 - Clicked on Call now button and displays the number to make call
2019-09-19 19:33:16,678  INFO [main] LogReports:24 - Chrome browser invoked...
2019-09-19 19:33:19,143  INFO [main] LogReports:24 - Application opened...
2019-09-19 19:33:25,467  INFO [main] LogReports:24 - Clicked on Doctors
2019-09-19 19:33:25,671  INFO [main] LogReports:24 - Clicked on Detect
2019-09-19 19:33:37,691  INFO [main] LogReports:24 - Selected Dentist
2019-09-19 19:33:47,948  INFO [main] LogReports:24 - Clicked on Availability
2019-09-19 19:33:48,130  INFO [main] LogReports:24 - Selected Available coming weekend
2019-09-19 19:33:51,515  INFO [main] LogReports:24 - Clicked on Relevance
2019-09-19 19:33:58,142  INFO [main] LogReports:24 - Selected Low to high
2019-09-19 19:34:00,385  INFO [main] LogReports:24 - Clicked on book appointment
2019-09-19 19:34:00,697  INFO [main] LogReports:24 - Clicked on Call now button and displays the number to make call
2019-09-19 19:37:06,845  INFO [main] LogReports:24 - Chrome browser invoked...
2019-09-19 19:37:09,332  INFO [main] LogReports:24 - Application opened...
2019-09-19 19:37:15,629  INFO [main] LogReports:24 - Clicked on Doctors
2019-09-19 19:37:15,782  INFO [main] LogReports:24 - Clicked on Detect
2019-09-19 19:37:27,522  INFO [main] LogReports:24 - Selected Dentist
2019-09-19 19:37:32,685  INFO [main] LogReports:24 - Clicked on Availability
2019-09-19 19:37:32,877  INFO [main] LogReports:24 - Selected Available coming weekend
2019-09-19 19:37:36,575  INFO [main] LogReports:24 - Clicked on Relevance
2019-09-19 19:37:43,252  INFO [main] LogReports:24 - Selected Low to high
2019-09-19 19:37:46,405  INFO [main] LogReports:24 - Clicked on book appointment
2019-09-19 19:37:46,816  INFO [main] LogReports:24 - Clicked on Call now button and displays the number to make call
2019-09-19 19:46:16,389  INFO [main] LogReports:24 - Chrome browser invoked...
2019-09-19 19:46:18,711  INFO [main] LogReports:24 - Application opened...
2019-09-19 19:46:25,152  INFO [main] LogReports:24 - Clicked on Doctors
2019-09-19 19:46:25,358  INFO [main] LogReports:24 - Clicked on Detect
2019-09-19 19:46:37,940  INFO [main] LogReports:24 - Selected Dentist
2019-09-19 19:46:43,075  INFO [main] LogReports:24 - Clicked on Availability
2019-09-19 19:46:43,239  INFO [main] LogReports:24 - Selected Available coming weekend
2019-09-19 19:46:48,992  INFO [main] LogReports:24 - Clicked on Relevance
2019-09-19 19:46:54,351  INFO [main] LogReports:24 - Selected Low to high
2019-09-19 19:46:56,412  INFO [main] LogReports:24 - Clicked on book appointment
2019-09-19 19:46:56,789  INFO [main] LogReports:24 - Clicked on Call now button and displays the number to make call
2019-09-19 19:50:31,238  INFO [main] LogReports:24 - Chrome browser invoked...
2019-09-19 19:50:33,854  INFO [main] LogReports:24 - Application opened...
2019-09-19 19:50:40,153  INFO [main] LogReports:24 - Clicked on Doctors
2019-09-19 19:50:40,355  INFO [main] LogReports:24 - Clicked on Detect
2019-09-19 19:50:52,943  INFO [main] LogReports:24 - Selected Dentist
2019-09-19 19:50:58,113  INFO [main] LogReports:24 - Clicked on Availability
2019-09-19 19:50:58,301  INFO [main] LogReports:24 - Selected Available coming weekend
2019-09-19 19:51:01,733  INFO [main] LogReports:24 - Clicked on Relevance
2019-09-19 19:51:08,433  INFO [main] LogReports:24 - Selected Low to high
2019-09-19 19:51:11,319  INFO [main] LogReports:24 - Clicked on book appointment
2019-09-19 19:51:11,954  INFO [main] LogReports:24 - Clicked on Call now button and displays the number to make call
